<?xml version="1.1" encoding="UTF-8"?>
<testsuite name="TitleCaseTest" tests="1" failures="0" errors="0" timestamp="2015-08-12T06:22:56" hostname="Lono" time="0.004">
  <properties/>
  <testcase name="toTitleCaseTest" classname="TitleCaseTest" time="0.004"/>
  <system-out><![CDATA[]]></system-out>
  <system-err><![CDATA[]]></system-err>
</testsuite>
